This file contains any messages produced by compilers while
running configure, to aid debugging if configure makes a mistake.

It was created by mnslp-ua configure 0.97, which was
generated by GNU Autoconf 2.68.  Invocation command line was

  $ ./configure 

## --------- ##
## Platform. ##
## --------- ##

hostname = local_dtn
uname -m = i686
uname -r = 3.2.0-29-generic-pae
uname -s = Linux
uname -v = #46-Ubuntu SMP Fri Jul 27 17:25:43 UTC 2012

/usr/bin/uname -p = unknown
/bin/uname -X     = unknown

/bin/arch              = unknown
/usr/bin/arch -k       = unknown
/usr/convex/getsysinfo = unknown
/usr/bin/hostinfo      = unknown
/bin/machine           = unknown
/usr/bin/oslevel       = unknown
/bin/universe          = unknown

PATH: /usr/lib/lightdm/lightdm
PATH: /usr/local/sbin
PATH: /usr/local/bin
PATH: /usr/sbin
PATH: /usr/bin
PATH: /sbin
PATH: /bin
PATH: /usr/games
PATH: /opt/gurobi502/linux32/bin


## ----------- ##
## Core tests. ##
## ----------- ##

configure:2341: checking for a BSD-compatible install
configure:2409: result: /usr/bin/install -c
configure:2420: checking whether build environment is sane
configure:2470: result: yes
configure:2611: checking for a thread-safe mkdir -p
configure:2650: result: /bin/mkdir -p
configure:2663: checking for gawk
configure:2693: result: no
configure:2663: checking for mawk
configure:2679: found /usr/bin/mawk
configure:2690: result: mawk
configure:2701: checking whether make sets $(MAKE)
configure:2723: result: yes
configure:2863: checking for g++
configure:2879: found /usr/bin/g++
configure:2890: result: g++
configure:2917: checking for C++ compiler version
configure:2926: g++ --version >&5
g++ (Ubuntu/Linaro 4.6.3-1ubuntu5) 4.6.3
Copyright (C) 2011 Free Software Foundation, Inc.
This is free software; see the source for copying conditions.  There is NO
warranty; not even for MERCHANTABILITY or FITNESS FOR A PARTICULAR PURPOSE.

configure:2937: $? = 0
configure:2926: g++ -v >&5
Using built-in specs.
COLLECT_GCC=g++
COLLECT_LTO_WRAPPER=/usr/lib/gcc/i686-linux-gnu/4.6/lto-wrapper
Target: i686-linux-gnu
Configured with: ../src/configure -v --with-pkgversion='Ubuntu/Linaro 4.6.3-1ubuntu5' --with-bugurl=file:///usr/share/doc/gcc-4.6/README.Bugs --enable-languages=c,c++,fortran,objc,obj-c++ --prefix=/usr --program-suffix=-4.6 --enable-shared --enable-linker-build-id --with-system-zlib --libexecdir=/usr/lib --without-included-gettext --enable-threads=posix --with-gxx-include-dir=/usr/include/c++/4.6 --libdir=/usr/lib --enable-nls --with-sysroot=/ --enable-clocale=gnu --enable-libstdcxx-debug --enable-libstdcxx-time=yes --enable-gnu-unique-object --enable-plugin --enable-objc-gc --enable-targets=all --disable-werror --with-arch-32=i686 --with-tune=generic --enable-checking=release --build=i686-linux-gnu --host=i686-linux-gnu --target=i686-linux-gnu
Thread model: posix
gcc version 4.6.3 (Ubuntu/Linaro 4.6.3-1ubuntu5) 
configure:2937: $? = 0
configure:2926: g++ -V >&5
g++: error: unrecognized option '-V'
g++: fatal error: no input files
compilation terminated.
configure:2937: $? = 4
configure:2926: g++ -qversion >&5
g++: error: unrecognized option '-qversion'
g++: fatal error: no input files
compilation terminated.
configure:2937: $? = 4
configure:2957: checking whether the C++ compiler works
configure:2979: g++    conftest.cpp  >&5
configure:2983: $? = 0
configure:3031: result: yes
configure:3034: checking for C++ compiler default output file name
configure:3036: result: a.out
configure:3042: checking for suffix of executables
configure:3049: g++ -o conftest    conftest.cpp  >&5
configure:3053: $? = 0
configure:3075: result: 
configure:3097: checking whether we are cross compiling
configure:3105: g++ -o conftest    conftest.cpp  >&5
configure:3109: $? = 0
configure:3116: ./conftest
configure:3120: $? = 0
configure:3135: result: no
configure:3140: checking for suffix of object files
configure:3162: g++ -c   conftest.cpp >&5
configure:3166: $? = 0
configure:3187: result: o
configure:3191: checking whether we are using the GNU C++ compiler
configure:3210: g++ -c   conftest.cpp >&5
configure:3210: $? = 0
configure:3219: result: yes
configure:3228: checking whether g++ accepts -g
configure:3248: g++ -c -g  conftest.cpp >&5
configure:3248: $? = 0
configure:3289: result: yes
configure:3323: checking for style of include used by make
configure:3351: result: GNU
configure:3377: checking dependency style of g++
configure:3488: result: gcc3
configure:3551: checking for gcc
configure:3567: found /usr/bin/gcc
configure:3578: result: gcc
configure:3807: checking for C compiler version
configure:3816: gcc --version >&5
gcc (Ubuntu/Linaro 4.6.3-1ubuntu5) 4.6.3
Copyright (C) 2011 Free Software Foundation, Inc.
This is free software; see the source for copying conditions.  There is NO
warranty; not even for MERCHANTABILITY or FITNESS FOR A PARTICULAR PURPOSE.

configure:3827: $? = 0
configure:3816: gcc -v >&5
Using built-in specs.
COLLECT_GCC=gcc
COLLECT_LTO_WRAPPER=/usr/lib/gcc/i686-linux-gnu/4.6/lto-wrapper
Target: i686-linux-gnu
Configured with: ../src/configure -v --with-pkgversion='Ubuntu/Linaro 4.6.3-1ubuntu5' --with-bugurl=file:///usr/share/doc/gcc-4.6/README.Bugs --enable-languages=c,c++,fortran,objc,obj-c++ --prefix=/usr --program-suffix=-4.6 --enable-shared --enable-linker-build-id --with-system-zlib --libexecdir=/usr/lib --without-included-gettext --enable-threads=posix --with-gxx-include-dir=/usr/include/c++/4.6 --libdir=/usr/lib --enable-nls --with-sysroot=/ --enable-clocale=gnu --enable-libstdcxx-debug --enable-libstdcxx-time=yes --enable-gnu-unique-object --enable-plugin --enable-objc-gc --enable-targets=all --disable-werror --with-arch-32=i686 --with-tune=generic --enable-checking=release --build=i686-linux-gnu --host=i686-linux-gnu --target=i686-linux-gnu
Thread model: posix
gcc version 4.6.3 (Ubuntu/Linaro 4.6.3-1ubuntu5) 
configure:3827: $? = 0
configure:3816: gcc -V >&5
gcc: error: unrecognized option '-V'
gcc: fatal error: no input files
compilation terminated.
configure:3827: $? = 4
configure:3816: gcc -qversion >&5
gcc: error: unrecognized option '-qversion'
gcc: fatal error: no input files
compilation terminated.
configure:3827: $? = 4
configure:3831: checking whether we are using the GNU C compiler
configure:3850: gcc -c   conftest.c >&5
configure:3850: $? = 0
configure:3859: result: yes
configure:3868: checking whether gcc accepts -g
configure:3888: gcc -c -g  conftest.c >&5
configure:3888: $? = 0
configure:3929: result: yes
configure:3946: checking for gcc option to accept ISO C89
configure:4010: gcc  -c -g -O2  conftest.c >&5
configure:4010: $? = 0
configure:4023: result: none needed
configure:4045: checking dependency style of gcc
configure:4156: result: gcc3
configure:4171: checking whether make sets $(MAKE)
configure:4193: result: yes
configure:4207: checking how to run the C preprocessor
configure:4238: gcc -E  conftest.c
configure:4238: $? = 0
configure:4252: gcc -E  conftest.c
conftest.c:11:28: fatal error: ac_nonexistent.h: No such file or directory
compilation terminated.
configure:4252: $? = 1
configure: failed program was:
| /* confdefs.h */
| #define PACKAGE_NAME "mnslp-ua"
| #define PACKAGE_TARNAME "mnslp-ua"
| #define PACKAGE_VERSION "0.97"
| #define PACKAGE_STRING "mnslp-ua 0.97"
| #define PACKAGE_BUGREPORT "la.marentes455@uniandes.edu.co"
| #define PACKAGE_URL ""
| #define PACKAGE "mnslp-ua"
| #define VERSION "0.97"
| /* end confdefs.h.  */
| #include <ac_nonexistent.h>
configure:4277: result: gcc -E
configure:4297: gcc -E  conftest.c
configure:4297: $? = 0
configure:4311: gcc -E  conftest.c
conftest.c:11:28: fatal error: ac_nonexistent.h: No such file or directory
compilation terminated.
configure:4311: $? = 1
configure: failed program was:
| /* confdefs.h */
| #define PACKAGE_NAME "mnslp-ua"
| #define PACKAGE_TARNAME "mnslp-ua"
| #define PACKAGE_VERSION "0.97"
| #define PACKAGE_STRING "mnslp-ua 0.97"
| #define PACKAGE_BUGREPORT "la.marentes455@uniandes.edu.co"
| #define PACKAGE_URL ""
| #define PACKAGE "mnslp-ua"
| #define VERSION "0.97"
| /* end confdefs.h.  */
| #include <ac_nonexistent.h>
configure:4341: checking for main in -lcppunit
configure:4360: gcc -o conftest -g -O2   conftest.c -lcppunit   >&5
configure:4360: $? = 0
configure:4369: result: yes
configure:4383: checking for grep that handles long lines and -e
configure:4441: result: /bin/grep
configure:4446: checking for egrep
configure:4508: result: /bin/grep -E
configure:4513: checking for ANSI C header files
configure:4533: gcc -c -g -O2  conftest.c >&5
configure:4533: $? = 0
configure:4606: gcc -o conftest -g -O2   conftest.c -lcppunit  >&5
configure:4606: $? = 0
configure:4606: ./conftest
configure:4606: $? = 0
configure:4617: result: yes
configure:4630: checking for sys/types.h
configure:4630: gcc -c -g -O2  conftest.c >&5
configure:4630: $? = 0
configure:4630: result: yes
configure:4630: checking for sys/stat.h
configure:4630: gcc -c -g -O2  conftest.c >&5
configure:4630: $? = 0
configure:4630: result: yes
configure:4630: checking for stdlib.h
configure:4630: gcc -c -g -O2  conftest.c >&5
configure:4630: $? = 0
configure:4630: result: yes
configure:4630: checking for string.h
configure:4630: gcc -c -g -O2  conftest.c >&5
configure:4630: $? = 0
configure:4630: result: yes
configure:4630: checking for memory.h
configure:4630: gcc -c -g -O2  conftest.c >&5
configure:4630: $? = 0
configure:4630: result: yes
configure:4630: checking for strings.h
configure:4630: gcc -c -g -O2  conftest.c >&5
configure:4630: $? = 0
configure:4630: result: yes
configure:4630: checking for inttypes.h
configure:4630: gcc -c -g -O2  conftest.c >&5
configure:4630: $? = 0
configure:4630: result: yes
configure:4630: checking for stdint.h
configure:4630: gcc -c -g -O2  conftest.c >&5
configure:4630: $? = 0
configure:4630: result: yes
configure:4630: checking for unistd.h
configure:4630: gcc -c -g -O2  conftest.c >&5
configure:4630: $? = 0
configure:4630: result: yes
configure:4645: checking arpa/inet.h usability
configure:4645: gcc -c -g -O2  conftest.c >&5
configure:4645: $? = 0
configure:4645: result: yes
configure:4645: checking arpa/inet.h presence
configure:4645: gcc -E  conftest.c
configure:4645: $? = 0
configure:4645: result: yes
configure:4645: checking for arpa/inet.h
configure:4645: result: yes
configure:4645: checking netdb.h usability
configure:4645: gcc -c -g -O2  conftest.c >&5
configure:4645: $? = 0
configure:4645: result: yes
configure:4645: checking netdb.h presence
configure:4645: gcc -E  conftest.c
configure:4645: $? = 0
configure:4645: result: yes
configure:4645: checking for netdb.h
configure:4645: result: yes
configure:4645: checking netinet/in.h usability
configure:4645: gcc -c -g -O2  conftest.c >&5
configure:4645: $? = 0
configure:4645: result: yes
configure:4645: checking netinet/in.h presence
configure:4645: gcc -E  conftest.c
configure:4645: $? = 0
configure:4645: result: yes
configure:4645: checking for netinet/in.h
configure:4645: result: yes
configure:4645: checking for stdlib.h
configure:4645: result: yes
configure:4645: checking for string.h
configure:4645: result: yes
configure:4645: checking sys/param.h usability
configure:4645: gcc -c -g -O2  conftest.c >&5
configure:4645: $? = 0
configure:4645: result: yes
configure:4645: checking sys/param.h presence
configure:4645: gcc -E  conftest.c
configure:4645: $? = 0
configure:4645: result: yes
configure:4645: checking for sys/param.h
configure:4645: result: yes
configure:4645: checking sys/socket.h usability
configure:4645: gcc -c -g -O2  conftest.c >&5
configure:4645: $? = 0
configure:4645: result: yes
configure:4645: checking sys/socket.h presence
configure:4645: gcc -E  conftest.c
configure:4645: $? = 0
configure:4645: result: yes
configure:4645: checking for sys/socket.h
configure:4645: result: yes
configure:4645: checking sys/time.h usability
configure:4645: gcc -c -g -O2  conftest.c >&5
configure:4645: $? = 0
configure:4645: result: yes
configure:4645: checking sys/time.h presence
configure:4645: gcc -E  conftest.c
configure:4645: $? = 0
configure:4645: result: yes
configure:4645: checking for sys/time.h
configure:4645: result: yes
configure:4645: checking for unistd.h
configure:4645: result: yes
configure:4657: checking for stdbool.h that conforms to C99
configure:4724: gcc -c -g -O2  conftest.c >&5
configure:4724: $? = 0
configure:4731: result: yes
configure:4733: checking for _Bool
configure:4733: gcc -c -g -O2  conftest.c >&5
configure:4733: $? = 0
configure:4733: gcc -c -g -O2  conftest.c >&5
conftest.c: In function 'main':
conftest.c:67:20: error: expected expression before ')' token
configure:4733: $? = 1
configure: failed program was:
| /* confdefs.h */
| #define PACKAGE_NAME "mnslp-ua"
| #define PACKAGE_TARNAME "mnslp-ua"
| #define PACKAGE_VERSION "0.97"
| #define PACKAGE_STRING "mnslp-ua 0.97"
| #define PACKAGE_BUGREPORT "la.marentes455@uniandes.edu.co"
| #define PACKAGE_URL ""
| #define PACKAGE "mnslp-ua"
| #define VERSION "0.97"
| #define HAVE_LIBCPPUNIT 1
| #define STDC_HEADERS 1
| #define HAVE_SYS_TYPES_H 1
| #define HAVE_SYS_STAT_H 1
| #define HAVE_STDLIB_H 1
| #define HAVE_STRING_H 1
| #define HAVE_MEMORY_H 1
| #define HAVE_STRINGS_H 1
| #define HAVE_INTTYPES_H 1
| #define HAVE_STDINT_H 1
| #define HAVE_UNISTD_H 1
| #define HAVE_ARPA_INET_H 1
| #define HAVE_NETDB_H 1
| #define HAVE_NETINET_IN_H 1
| #define HAVE_STDLIB_H 1
| #define HAVE_STRING_H 1
| #define HAVE_SYS_PARAM_H 1
| #define HAVE_SYS_SOCKET_H 1
| #define HAVE_SYS_TIME_H 1
| #define HAVE_UNISTD_H 1
| /* end confdefs.h.  */
| #include <stdio.h>
| #ifdef HAVE_SYS_TYPES_H
| # include <sys/types.h>
| #endif
| #ifdef HAVE_SYS_STAT_H
| # include <sys/stat.h>
| #endif
| #ifdef STDC_HEADERS
| # include <stdlib.h>
| # include <stddef.h>
| #else
| # ifdef HAVE_STDLIB_H
| #  include <stdlib.h>
| # endif
| #endif
| #ifdef HAVE_STRING_H
| # if !defined STDC_HEADERS && defined HAVE_MEMORY_H
| #  include <memory.h>
| # endif
| # include <string.h>
| #endif
| #ifdef HAVE_STRINGS_H
| # include <strings.h>
| #endif
| #ifdef HAVE_INTTYPES_H
| # include <inttypes.h>
| #endif
| #ifdef HAVE_STDINT_H
| # include <stdint.h>
| #endif
| #ifdef HAVE_UNISTD_H
| # include <unistd.h>
| #endif
| int
| main ()
| {
| if (sizeof ((_Bool)))
| 	    return 0;
|   ;
|   return 0;
| }
configure:4733: result: yes
configure:4749: checking for an ANSI C-conforming const
configure:4814: gcc -c -g -O2  conftest.c >&5
configure:4814: $? = 0
configure:4821: result: yes
configure:4829: checking for inline
configure:4845: gcc -c -g -O2  conftest.c >&5
configure:4845: $? = 0
configure:4853: result: inline
configure:4871: checking for mode_t
configure:4871: gcc -c -g -O2  conftest.c >&5
configure:4871: $? = 0
configure:4871: gcc -c -g -O2  conftest.c >&5
conftest.c: In function 'main':
conftest.c:69:21: error: expected expression before ')' token
configure:4871: $? = 1
configure: failed program was:
| /* confdefs.h */
| #define PACKAGE_NAME "mnslp-ua"
| #define PACKAGE_TARNAME "mnslp-ua"
| #define PACKAGE_VERSION "0.97"
| #define PACKAGE_STRING "mnslp-ua 0.97"
| #define PACKAGE_BUGREPORT "la.marentes455@uniandes.edu.co"
| #define PACKAGE_URL ""
| #define PACKAGE "mnslp-ua"
| #define VERSION "0.97"
| #define HAVE_LIBCPPUNIT 1
| #define STDC_HEADERS 1
| #define HAVE_SYS_TYPES_H 1
| #define HAVE_SYS_STAT_H 1
| #define HAVE_STDLIB_H 1
| #define HAVE_STRING_H 1
| #define HAVE_MEMORY_H 1
| #define HAVE_STRINGS_H 1
| #define HAVE_INTTYPES_H 1
| #define HAVE_STDINT_H 1
| #define HAVE_UNISTD_H 1
| #define HAVE_ARPA_INET_H 1
| #define HAVE_NETDB_H 1
| #define HAVE_NETINET_IN_H 1
| #define HAVE_STDLIB_H 1
| #define HAVE_STRING_H 1
| #define HAVE_SYS_PARAM_H 1
| #define HAVE_SYS_SOCKET_H 1
| #define HAVE_SYS_TIME_H 1
| #define HAVE_UNISTD_H 1
| #define HAVE__BOOL 1
| #define HAVE_STDBOOL_H 1
| /* end confdefs.h.  */
| #include <stdio.h>
| #ifdef HAVE_SYS_TYPES_H
| # include <sys/types.h>
| #endif
| #ifdef HAVE_SYS_STAT_H
| # include <sys/stat.h>
| #endif
| #ifdef STDC_HEADERS
| # include <stdlib.h>
| # include <stddef.h>
| #else
| # ifdef HAVE_STDLIB_H
| #  include <stdlib.h>
| # endif
| #endif
| #ifdef HAVE_STRING_H
| # if !defined STDC_HEADERS && defined HAVE_MEMORY_H
| #  include <memory.h>
| # endif
| # include <string.h>
| #endif
| #ifdef HAVE_STRINGS_H
| # include <strings.h>
| #endif
| #ifdef HAVE_INTTYPES_H
| # include <inttypes.h>
| #endif
| #ifdef HAVE_STDINT_H
| # include <stdint.h>
| #endif
| #ifdef HAVE_UNISTD_H
| # include <unistd.h>
| #endif
| int
| main ()
| {
| if (sizeof ((mode_t)))
| 	    return 0;
|   ;
|   return 0;
| }
configure:4871: result: yes
configure:4882: checking for pid_t
configure:4882: gcc -c -g -O2  conftest.c >&5
configure:4882: $? = 0
configure:4882: gcc -c -g -O2  conftest.c >&5
conftest.c: In function 'main':
conftest.c:69:20: error: expected expression before ')' token
configure:4882: $? = 1
configure: failed program was:
| /* confdefs.h */
| #define PACKAGE_NAME "mnslp-ua"
| #define PACKAGE_TARNAME "mnslp-ua"
| #define PACKAGE_VERSION "0.97"
| #define PACKAGE_STRING "mnslp-ua 0.97"
| #define PACKAGE_BUGREPORT "la.marentes455@uniandes.edu.co"
| #define PACKAGE_URL ""
| #define PACKAGE "mnslp-ua"
| #define VERSION "0.97"
| #define HAVE_LIBCPPUNIT 1
| #define STDC_HEADERS 1
| #define HAVE_SYS_TYPES_H 1
| #define HAVE_SYS_STAT_H 1
| #define HAVE_STDLIB_H 1
| #define HAVE_STRING_H 1
| #define HAVE_MEMORY_H 1
| #define HAVE_STRINGS_H 1
| #define HAVE_INTTYPES_H 1
| #define HAVE_STDINT_H 1
| #define HAVE_UNISTD_H 1
| #define HAVE_ARPA_INET_H 1
| #define HAVE_NETDB_H 1
| #define HAVE_NETINET_IN_H 1
| #define HAVE_STDLIB_H 1
| #define HAVE_STRING_H 1
| #define HAVE_SYS_PARAM_H 1
| #define HAVE_SYS_SOCKET_H 1
| #define HAVE_SYS_TIME_H 1
| #define HAVE_UNISTD_H 1
| #define HAVE__BOOL 1
| #define HAVE_STDBOOL_H 1
| /* end confdefs.h.  */
| #include <stdio.h>
| #ifdef HAVE_SYS_TYPES_H
| # include <sys/types.h>
| #endif
| #ifdef HAVE_SYS_STAT_H
| # include <sys/stat.h>
| #endif
| #ifdef STDC_HEADERS
| # include <stdlib.h>
| # include <stddef.h>
| #else
| # ifdef HAVE_STDLIB_H
| #  include <stdlib.h>
| # endif
| #endif
| #ifdef HAVE_STRING_H
| # if !defined STDC_HEADERS && defined HAVE_MEMORY_H
| #  include <memory.h>
| # endif
| # include <string.h>
| #endif
| #ifdef HAVE_STRINGS_H
| # include <strings.h>
| #endif
| #ifdef HAVE_INTTYPES_H
| # include <inttypes.h>
| #endif
| #ifdef HAVE_STDINT_H
| # include <stdint.h>
| #endif
| #ifdef HAVE_UNISTD_H
| # include <unistd.h>
| #endif
| int
| main ()
| {
| if (sizeof ((pid_t)))
| 	    return 0;
|   ;
|   return 0;
| }
configure:4882: result: yes
configure:4893: checking for size_t
configure:4893: gcc -c -g -O2  conftest.c >&5
configure:4893: $? = 0
configure:4893: gcc -c -g -O2  conftest.c >&5
conftest.c: In function 'main':
conftest.c:69:21: error: expected expression before ')' token
configure:4893: $? = 1
configure: failed program was:
| /* confdefs.h */
| #define PACKAGE_NAME "mnslp-ua"
| #define PACKAGE_TARNAME "mnslp-ua"
| #define PACKAGE_VERSION "0.97"
| #define PACKAGE_STRING "mnslp-ua 0.97"
| #define PACKAGE_BUGREPORT "la.marentes455@uniandes.edu.co"
| #define PACKAGE_URL ""
| #define PACKAGE "mnslp-ua"
| #define VERSION "0.97"
| #define HAVE_LIBCPPUNIT 1
| #define STDC_HEADERS 1
| #define HAVE_SYS_TYPES_H 1
| #define HAVE_SYS_STAT_H 1
| #define HAVE_STDLIB_H 1
| #define HAVE_STRING_H 1
| #define HAVE_MEMORY_H 1
| #define HAVE_STRINGS_H 1
| #define HAVE_INTTYPES_H 1
| #define HAVE_STDINT_H 1
| #define HAVE_UNISTD_H 1
| #define HAVE_ARPA_INET_H 1
| #define HAVE_NETDB_H 1
| #define HAVE_NETINET_IN_H 1
| #define HAVE_STDLIB_H 1
| #define HAVE_STRING_H 1
| #define HAVE_SYS_PARAM_H 1
| #define HAVE_SYS_SOCKET_H 1
| #define HAVE_SYS_TIME_H 1
| #define HAVE_UNISTD_H 1
| #define HAVE__BOOL 1
| #define HAVE_STDBOOL_H 1
| /* end confdefs.h.  */
| #include <stdio.h>
| #ifdef HAVE_SYS_TYPES_H
| # include <sys/types.h>
| #endif
| #ifdef HAVE_SYS_STAT_H
| # include <sys/stat.h>
| #endif
| #ifdef STDC_HEADERS
| # include <stdlib.h>
| # include <stddef.h>
| #else
| # ifdef HAVE_STDLIB_H
| #  include <stdlib.h>
| # endif
| #endif
| #ifdef HAVE_STRING_H
| # if !defined STDC_HEADERS && defined HAVE_MEMORY_H
| #  include <memory.h>
| # endif
| # include <string.h>
| #endif
| #ifdef HAVE_STRINGS_H
| # include <strings.h>
| #endif
| #ifdef HAVE_INTTYPES_H
| # include <inttypes.h>
| #endif
| #ifdef HAVE_STDINT_H
| # include <stdint.h>
| #endif
| #ifdef HAVE_UNISTD_H
| # include <unistd.h>
| #endif
| int
| main ()
| {
| if (sizeof ((size_t)))
| 	    return 0;
|   ;
|   return 0;
| }
configure:4893: result: yes
configure:4904: checking for ssize_t
configure:4904: gcc -c -g -O2  conftest.c >&5
configure:4904: $? = 0
configure:4904: gcc -c -g -O2  conftest.c >&5
conftest.c: In function 'main':
conftest.c:69:22: error: expected expression before ')' token
configure:4904: $? = 1
configure: failed program was:
| /* confdefs.h */
| #define PACKAGE_NAME "mnslp-ua"
| #define PACKAGE_TARNAME "mnslp-ua"
| #define PACKAGE_VERSION "0.97"
| #define PACKAGE_STRING "mnslp-ua 0.97"
| #define PACKAGE_BUGREPORT "la.marentes455@uniandes.edu.co"
| #define PACKAGE_URL ""
| #define PACKAGE "mnslp-ua"
| #define VERSION "0.97"
| #define HAVE_LIBCPPUNIT 1
| #define STDC_HEADERS 1
| #define HAVE_SYS_TYPES_H 1
| #define HAVE_SYS_STAT_H 1
| #define HAVE_STDLIB_H 1
| #define HAVE_STRING_H 1
| #define HAVE_MEMORY_H 1
| #define HAVE_STRINGS_H 1
| #define HAVE_INTTYPES_H 1
| #define HAVE_STDINT_H 1
| #define HAVE_UNISTD_H 1
| #define HAVE_ARPA_INET_H 1
| #define HAVE_NETDB_H 1
| #define HAVE_NETINET_IN_H 1
| #define HAVE_STDLIB_H 1
| #define HAVE_STRING_H 1
| #define HAVE_SYS_PARAM_H 1
| #define HAVE_SYS_SOCKET_H 1
| #define HAVE_SYS_TIME_H 1
| #define HAVE_UNISTD_H 1
| #define HAVE__BOOL 1
| #define HAVE_STDBOOL_H 1
| /* end confdefs.h.  */
| #include <stdio.h>
| #ifdef HAVE_SYS_TYPES_H
| # include <sys/types.h>
| #endif
| #ifdef HAVE_SYS_STAT_H
| # include <sys/stat.h>
| #endif
| #ifdef STDC_HEADERS
| # include <stdlib.h>
| # include <stddef.h>
| #else
| # ifdef HAVE_STDLIB_H
| #  include <stdlib.h>
| # endif
| #endif
| #ifdef HAVE_STRING_H
| # if !defined STDC_HEADERS && defined HAVE_MEMORY_H
| #  include <memory.h>
| # endif
| # include <string.h>
| #endif
| #ifdef HAVE_STRINGS_H
| # include <strings.h>
| #endif
| #ifdef HAVE_INTTYPES_H
| # include <inttypes.h>
| #endif
| #ifdef HAVE_STDINT_H
| # include <stdint.h>
| #endif
| #ifdef HAVE_UNISTD_H
| # include <unistd.h>
| #endif
| int
| main ()
| {
| if (sizeof ((ssize_t)))
| 	    return 0;
|   ;
|   return 0;
| }
configure:4904: result: yes
configure:4915: checking whether time.h and sys/time.h may both be included
configure:4935: gcc -c -g -O2  conftest.c >&5
configure:4935: $? = 0
configure:4942: result: yes
configure:4950: checking whether struct tm is in sys/time.h or time.h
configure:4970: gcc -c -g -O2  conftest.c >&5
configure:4970: $? = 0
configure:4977: result: time.h
configure:4985: checking for uint32_t
configure:4985: gcc -c -g -O2  conftest.c >&5
configure:4985: $? = 0
configure:4985: result: yes
configure:5001: checking for error_at_line
configure:5017: gcc -o conftest -g -O2   conftest.c -lcppunit  >&5
configure:5017: $? = 0
configure:5025: result: yes
configure:5036: checking for working memcmp
configure:5079: gcc -o conftest -g -O2   conftest.c -lcppunit  >&5
configure:5079: $? = 0
configure:5079: ./conftest
configure:5079: $? = 0
configure:5089: result: yes
configure:5098: checking return type of signal handlers
configure:5116: gcc -c -g -O2  conftest.c >&5
conftest.c: In function 'main':
conftest.c:40:1: error: void value not ignored as it ought to be
configure:5116: $? = 1
configure: failed program was:
| /* confdefs.h */
| #define PACKAGE_NAME "mnslp-ua"
| #define PACKAGE_TARNAME "mnslp-ua"
| #define PACKAGE_VERSION "0.97"
| #define PACKAGE_STRING "mnslp-ua 0.97"
| #define PACKAGE_BUGREPORT "la.marentes455@uniandes.edu.co"
| #define PACKAGE_URL ""
| #define PACKAGE "mnslp-ua"
| #define VERSION "0.97"
| #define HAVE_LIBCPPUNIT 1
| #define STDC_HEADERS 1
| #define HAVE_SYS_TYPES_H 1
| #define HAVE_SYS_STAT_H 1
| #define HAVE_STDLIB_H 1
| #define HAVE_STRING_H 1
| #define HAVE_MEMORY_H 1
| #define HAVE_STRINGS_H 1
| #define HAVE_INTTYPES_H 1
| #define HAVE_STDINT_H 1
| #define HAVE_UNISTD_H 1
| #define HAVE_ARPA_INET_H 1
| #define HAVE_NETDB_H 1
| #define HAVE_NETINET_IN_H 1
| #define HAVE_STDLIB_H 1
| #define HAVE_STRING_H 1
| #define HAVE_SYS_PARAM_H 1
| #define HAVE_SYS_SOCKET_H 1
| #define HAVE_SYS_TIME_H 1
| #define HAVE_UNISTD_H 1
| #define HAVE__BOOL 1
| #define HAVE_STDBOOL_H 1
| #define TIME_WITH_SYS_TIME 1
| /* end confdefs.h.  */
| #include <sys/types.h>
| #include <signal.h>
| 
| int
| main ()
| {
| return *(signal (0, 0)) (0) == 1;
|   ;
|   return 0;
| }
configure:5123: result: void
configure:5134: checking for gethostname
configure:5134: gcc -o conftest -g -O2   conftest.c -lcppunit  >&5
configure:5134: $? = 0
configure:5134: result: yes
configure:5134: checking for gettimeofday
configure:5134: gcc -o conftest -g -O2   conftest.c -lcppunit  >&5
configure:5134: $? = 0
configure:5134: result: yes
configure:5134: checking for memset
configure:5134: gcc -o conftest -g -O2   conftest.c -lcppunit  >&5
conftest.c:60:6: warning: conflicting types for built-in function 'memset' [enabled by default]
configure:5134: $? = 0
configure:5134: result: yes
configure:5134: checking for socket
configure:5134: gcc -o conftest -g -O2   conftest.c -lcppunit  >&5
configure:5134: $? = 0
configure:5134: result: yes
configure:5134: checking for strerror
configure:5134: gcc -o conftest -g -O2   conftest.c -lcppunit  >&5
configure:5134: $? = 0
configure:5134: result: yes
configure:5187: checking for ranlib
configure:5203: found /usr/bin/ranlib
configure:5214: result: ranlib
configure:5247: checking whether unordered_map is available
configure:5263: g++ -c -std=c++0x  conftest.cpp >&5
configure:5263: $? = 0
configure:5270: result: yes
configure:5328: checking for pkg-config
configure:5346: found /usr/bin/pkg-config
configure:5358: result: /usr/bin/pkg-config
configure:5383: checking pkg-config is at least version 0.9.0
configure:5386: result: yes
configure:5396: checking for LIBXML
configure:5403: $PKG_CONFIG --exists --print-errors "libxml-2.0"
configure:5406: $? = 0
configure:5420: $PKG_CONFIG --exists --print-errors "libxml-2.0"
configure:5423: $? = 0
configure:5481: result: yes
configure:5694: creating ./config.status

## ---------------------- ##
## Running config.status. ##
## ---------------------- ##

This file was extended by mnslp-ua config.status 0.97, which was
generated by GNU Autoconf 2.68.  Invocation command line was

  CONFIG_FILES    = 
  CONFIG_HEADERS  = 
  CONFIG_LINKS    = 
  CONFIG_COMMANDS = 
  $ ./config.status 

on local_dtn

config.status:806: creating Makefile
config.status:806: creating src/msg/Makefile
config.status:806: creating src/Makefile
config.status:806: creating test/Makefile
config.status:978: executing depfiles commands

## ---------------- ##
## Cache variables. ##
## ---------------- ##

ac_cv_c_compiler_gnu=yes
ac_cv_c_const=yes
ac_cv_c_inline=inline
ac_cv_c_uint32_t=yes
ac_cv_cxx_compiler_gnu=yes
ac_cv_env_CCC_set=
ac_cv_env_CCC_value=
ac_cv_env_CC_set=
ac_cv_env_CC_value=
ac_cv_env_CFLAGS_set=
ac_cv_env_CFLAGS_value=
ac_cv_env_CPPFLAGS_set=
ac_cv_env_CPPFLAGS_value=
ac_cv_env_CPP_set=
ac_cv_env_CPP_value=
ac_cv_env_CXXFLAGS_set=
ac_cv_env_CXXFLAGS_value=
ac_cv_env_CXX_set=
ac_cv_env_CXX_value=
ac_cv_env_LDFLAGS_set=
ac_cv_env_LDFLAGS_value=
ac_cv_env_LIBS_set=
ac_cv_env_LIBS_value=
ac_cv_env_LIBXML_CFLAGS_set=
ac_cv_env_LIBXML_CFLAGS_value=
ac_cv_env_LIBXML_LIBS_set=
ac_cv_env_LIBXML_LIBS_value=
ac_cv_env_PKG_CONFIG_LIBDIR_set=
ac_cv_env_PKG_CONFIG_LIBDIR_value=
ac_cv_env_PKG_CONFIG_PATH_set=
ac_cv_env_PKG_CONFIG_PATH_value=
ac_cv_env_PKG_CONFIG_set=
ac_cv_env_PKG_CONFIG_value=
ac_cv_env_build_alias_set=
ac_cv_env_build_alias_value=
ac_cv_env_host_alias_set=
ac_cv_env_host_alias_value=
ac_cv_env_target_alias_set=
ac_cv_env_target_alias_value=
ac_cv_func_gethostname=yes
ac_cv_func_gettimeofday=yes
ac_cv_func_memcmp_working=yes
ac_cv_func_memset=yes
ac_cv_func_socket=yes
ac_cv_func_strerror=yes
ac_cv_header_arpa_inet_h=yes
ac_cv_header_inttypes_h=yes
ac_cv_header_memory_h=yes
ac_cv_header_netdb_h=yes
ac_cv_header_netinet_in_h=yes
ac_cv_header_stdbool_h=yes
ac_cv_header_stdc=yes
ac_cv_header_stdint_h=yes
ac_cv_header_stdlib_h=yes
ac_cv_header_string_h=yes
ac_cv_header_strings_h=yes
ac_cv_header_sys_param_h=yes
ac_cv_header_sys_socket_h=yes
ac_cv_header_sys_stat_h=yes
ac_cv_header_sys_time_h=yes
ac_cv_header_sys_types_h=yes
ac_cv_header_time=yes
ac_cv_header_unistd_h=yes
ac_cv_lib_cppunit_main=yes
ac_cv_lib_error_at_line=yes
ac_cv_objext=o
ac_cv_path_EGREP='/bin/grep -E'
ac_cv_path_GREP=/bin/grep
ac_cv_path_ac_pt_PKG_CONFIG=/usr/bin/pkg-config
ac_cv_path_install='/usr/bin/install -c'
ac_cv_path_mkdir=/bin/mkdir
ac_cv_prog_AWK=mawk
ac_cv_prog_CPP='gcc -E'
ac_cv_prog_ac_ct_CC=gcc
ac_cv_prog_ac_ct_CXX=g++
ac_cv_prog_ac_ct_RANLIB=ranlib
ac_cv_prog_cc_c89=
ac_cv_prog_cc_g=yes
ac_cv_prog_cxx_g=yes
ac_cv_prog_make_make_set=yes
ac_cv_struct_tm=time.h
ac_cv_type__Bool=yes
ac_cv_type_mode_t=yes
ac_cv_type_pid_t=yes
ac_cv_type_signal=void
ac_cv_type_size_t=yes
ac_cv_type_ssize_t=yes
ac_cv_unordered_map_exists=yes
am_cv_CC_dependencies_compiler_type=gcc3
am_cv_CXX_dependencies_compiler_type=gcc3
pkg_cv_LIBXML_CFLAGS='-I/usr/include/libxml2  '
pkg_cv_LIBXML_LIBS='-lxml2  '

## ----------------- ##
## Output variables. ##
## ----------------- ##

ACLOCAL='${SHELL} /home/luis/NSIS/nsis-ka-0.97/missing --run aclocal-1.11'
AMDEPBACKSLASH='\'
AMDEP_FALSE='#'
AMDEP_TRUE=''
AMTAR='$${TAR-tar}'
AUTOCONF='${SHELL} /home/luis/NSIS/nsis-ka-0.97/missing --run autoconf'
AUTOHEADER='${SHELL} /home/luis/NSIS/nsis-ka-0.97/missing --run autoheader'
AUTOMAKE='${SHELL} /home/luis/NSIS/nsis-ka-0.97/missing --run automake-1.11'
AWK='mawk'
CC='gcc'
CCDEPMODE='depmode=gcc3'
CFLAGS='-g -O2'
CPP='gcc -E'
CPPFLAGS=''
CXX='g++'
CXXDEPMODE='depmode=gcc3'
CXXFLAGS='-g -O2'
CYGPATH_W='echo'
DEFS='-DPACKAGE_NAME=\"mnslp-ua\" -DPACKAGE_TARNAME=\"mnslp-ua\" -DPACKAGE_VERSION=\"0.97\" -DPACKAGE_STRING=\"mnslp-ua\ 0.97\" -DPACKAGE_BUGREPORT=\"la.marentes455@uniandes.edu.co\" -DPACKAGE_URL=\"\" -DPACKAGE=\"mnslp-ua\" -DVERSION=\"0.97\" -DHAVE_LIBCPPUNIT=1 -DSTDC_HEADERS=1 -DHAVE_SYS_TYPES_H=1 -DHAVE_SYS_STAT_H=1 -DHAVE_STDLIB_H=1 -DHAVE_STRING_H=1 -DHAVE_MEMORY_H=1 -DHAVE_STRINGS_H=1 -DHAVE_INTTYPES_H=1 -DHAVE_STDINT_H=1 -DHAVE_UNISTD_H=1 -DHAVE_ARPA_INET_H=1 -DHAVE_NETDB_H=1 -DHAVE_NETINET_IN_H=1 -DHAVE_STDLIB_H=1 -DHAVE_STRING_H=1 -DHAVE_SYS_PARAM_H=1 -DHAVE_SYS_SOCKET_H=1 -DHAVE_SYS_TIME_H=1 -DHAVE_UNISTD_H=1 -DHAVE__BOOL=1 -DHAVE_STDBOOL_H=1 -DTIME_WITH_SYS_TIME=1 -DRETSIGTYPE=void -DHAVE_GETHOSTNAME=1 -DHAVE_GETTIMEOFDAY=1 -DHAVE_MEMSET=1 -DHAVE_SOCKET=1 -DHAVE_STRERROR=1'
DEPDIR='.deps'
ECHO_C=''
ECHO_N='-n'
ECHO_T=''
EGREP='/bin/grep -E'
EXEEXT=''
GREP='/bin/grep'
INSTALL_DATA='${INSTALL} -m 644'
INSTALL_PROGRAM='${INSTALL}'
INSTALL_SCRIPT='${INSTALL}'
INSTALL_STRIP_PROGRAM='$(install_sh) -c -s'
LDFLAGS=''
LIBOBJS=''
LIBS='-lcppunit '
LIBXML_CFLAGS='-I/usr/include/libxml2  '
LIBXML_LIBS='-lxml2  '
LTLIBOBJS=''
MAKEINFO='${SHELL} /home/luis/NSIS/nsis-ka-0.97/missing --run makeinfo'
MKDIR_P='/bin/mkdir -p'
NSIS_NO_WARN_HASHMAP_FALSE='#'
NSIS_NO_WARN_HASHMAP_TRUE=''
OBJEXT='o'
PACKAGE='mnslp-ua'
PACKAGE_BUGREPORT='la.marentes455@uniandes.edu.co'
PACKAGE_NAME='mnslp-ua'
PACKAGE_STRING='mnslp-ua 0.97'
PACKAGE_TARNAME='mnslp-ua'
PACKAGE_URL=''
PACKAGE_VERSION='0.97'
PATH_SEPARATOR=':'
PKG_CONFIG='/usr/bin/pkg-config'
PKG_CONFIG_LIBDIR=''
PKG_CONFIG_PATH=''
RANLIB='ranlib'
SET_MAKE=''
SHELL='/bin/bash'
STRIP=''
USE_WITH_SCTP_FALSE=''
USE_WITH_SCTP_TRUE='#'
VERSION='0.97'
ac_ct_CC='gcc'
ac_ct_CXX='g++'
am__EXEEXT_FALSE=''
am__EXEEXT_TRUE='#'
am__fastdepCC_FALSE='#'
am__fastdepCC_TRUE=''
am__fastdepCXX_FALSE='#'
am__fastdepCXX_TRUE=''
am__include='include'
am__isrc=''
am__leading_dot='.'
am__nodep='_no'
am__quote=''
am__tar='$${TAR-tar} chof - "$$tardir"'
am__untar='$${TAR-tar} xf -'
bindir='${exec_prefix}/bin'
build_alias=''
datadir='${datarootdir}'
datarootdir='${prefix}/share'
docdir='${datarootdir}/doc/${PACKAGE_TARNAME}'
dvidir='${docdir}'
exec_prefix='${prefix}'
host_alias=''
htmldir='${docdir}'
includedir='${prefix}/include'
infodir='${datarootdir}/info'
install_sh='${SHELL} /home/luis/NSIS/nsis-ka-0.97/install-sh'
libdir='${exec_prefix}/lib'
libexecdir='${exec_prefix}/libexec'
localedir='${datarootdir}/locale'
localstatedir='${prefix}/var'
mandir='${datarootdir}/man'
mkdir_p='/bin/mkdir -p'
oldincludedir='/usr/include'
pdfdir='${docdir}'
prefix='/usr/local'
program_transform_name='s,x,x,'
psdir='${docdir}'
sbindir='${exec_prefix}/sbin'
sharedstatedir='${prefix}/com'
sysconfdir='${prefix}/etc'
target_alias=''

## ----------- ##
## confdefs.h. ##
## ----------- ##

/* confdefs.h */
#define PACKAGE_NAME "mnslp-ua"
#define PACKAGE_TARNAME "mnslp-ua"
#define PACKAGE_VERSION "0.97"
#define PACKAGE_STRING "mnslp-ua 0.97"
#define PACKAGE_BUGREPORT "la.marentes455@uniandes.edu.co"
#define PACKAGE_URL ""
#define PACKAGE "mnslp-ua"
#define VERSION "0.97"
#define HAVE_LIBCPPUNIT 1
#define STDC_HEADERS 1
#define HAVE_SYS_TYPES_H 1
#define HAVE_SYS_STAT_H 1
#define HAVE_STDLIB_H 1
#define HAVE_STRING_H 1
#define HAVE_MEMORY_H 1
#define HAVE_STRINGS_H 1
#define HAVE_INTTYPES_H 1
#define HAVE_STDINT_H 1
#define HAVE_UNISTD_H 1
#define HAVE_ARPA_INET_H 1
#define HAVE_NETDB_H 1
#define HAVE_NETINET_IN_H 1
#define HAVE_STDLIB_H 1
#define HAVE_STRING_H 1
#define HAVE_SYS_PARAM_H 1
#define HAVE_SYS_SOCKET_H 1
#define HAVE_SYS_TIME_H 1
#define HAVE_UNISTD_H 1
#define HAVE__BOOL 1
#define HAVE_STDBOOL_H 1
#define TIME_WITH_SYS_TIME 1
#define RETSIGTYPE void
#define HAVE_GETHOSTNAME 1
#define HAVE_GETTIMEOFDAY 1
#define HAVE_MEMSET 1
#define HAVE_SOCKET 1
#define HAVE_STRERROR 1

configure: exit 0
